0.000000 0.000000 1.000000 0.000000 0.000000
0.000000 0.099676 0.332434 0.099676 0.000000
0.000000 0.066272 0.130383 0.066272 0.000000
0.000000 0.035027 0.056555 0.035027 0.000000
0.000000 0.017281 0.025784 0.017281 0.000000
0.000000 0.008315 0.012016 0.008315 0.000000
0.000000 0.003962 0.005652 0.003962 0.000000
0.000000 0.001880 0.002669 0.001880 0.000000
0.000000 0.000891 0.001262 0.000891 0.000000
0.000000 0.000422 0.000597 0.000422 0.000000
0.000000 0.000200 0.000283 0.000200 0.000000
0.000000 0.000095 0.000134 0.000095 0.000000
0.000000 0.000045 0.000063 0.000045 0.000000
0.000000 0.000021 0.000030 0.000021 0.000000
0.000000 0.000010 0.000014 0.000010 0.000000
0.000000 0.000005 0.000007 0.000005 0.000000
0.000000 0.000002 0.000003 0.000002 0.000000
0.000000 0.000001 0.000002 0.000001 0.000000
0.000000 0.000001 0.000001 0.000001 0.000000
0.000000 0.000000 0.000000 0.000000 0.000000
